<?xml version="1.0" encoding="UTF-8"?>
<!-- Generated by org.testng.reporters.JUnitXMLReporter -->
<testsuite ignored="0" hostname="prashant-jadon" failures="1" tests="1" name="mavenProject2" time="13.99" errors="0" timestamp="2022-03-09T15:06:45 IST">
  <testcase classname="org.example.LoginAPIAutomaTest" name="cnCreation" time="9.751">
    <failure type="java.lang.AssertionError" message="expected:&amp;lt;3333302707&amp;gt; but was:&amp;lt;null&amp;gt;">
      <![CDATA[java.lang.AssertionError: expected:<3333302707> but was:<null>
at org.junit.Assert.fail(Assert.java:88)
at org.junit.Assert.failNotEquals(Assert.java:743)
at org.junit.Assert.assertEquals(Assert.java:118)
at org.junit.Assert.assertEquals(Assert.java:144)
at org.example.LoginAPIAutomaTest.cnCreation(LoginAPIAutomaTest.java:93)
at java.base/java.util.ArrayList.forEach(ArrayList.java:1511)
at com.intellij.rt.testng.IDEARemoteTestNG.run(IDEARemoteTestNG.java:66)
at com.intellij.rt.testng.RemoteTestNGStarter.main(RemoteTestNGStarter.java:109)
... Removed 24 stack frames]]>
    </failure>
  </testcase> <!-- cnCreation -->
</testsuite> <!-- mavenProject2 -->
