<?xml version="1.0" encoding="UTF-8"?>
<testng-results ignored="0" total="1" passed="0" failed="1" skipped="0">
  <reporter-output>
  </reporter-output>
  <suite started-at="2022-03-09T15:06:31 IST" name="Default Suite" finished-at="2022-03-09T15:06:45 IST" duration-ms="13990">
    <groups>
    </groups>
    <test started-at="2022-03-09T15:06:31 IST" name="mavenProject2" finished-at="2022-03-09T15:06:45 IST" duration-ms="13990">
      <class name="org.example.LoginAPIAutomaTest">
        <test-method is-config="true" signature="setup()[pri:0, instance:org.example.LoginAPIAutomaTest@17776a8]" started-at="2022-03-09T15:06:31 IST" name="setup" finished-at="2022-03-09T15:06:35 IST" duration-ms="3976" status="PASS">
          <reporter-output>
          </reporter-output>
        </test-method> <!-- setup -->
        <test-method signature="cnCreation()[pri:0, instance:org.example.LoginAPIAutomaTest@17776a8]" started-at="2022-03-09T15:06:35 IST" name="cnCreation" finished-at="2022-03-09T15:06:45 IST" duration-ms="9751" status="FAIL">
          <exception class="java.lang.AssertionError">
            <message>
              <![CDATA[expected:<3333302707> but was:<null>]]>
            </message>
            <full-stacktrace>
              <![CDATA[java.lang.AssertionError: expected:<3333302707> but was:<null>
at org.junit.Assert.fail(Assert.java:88)
at org.junit.Assert.failNotEquals(Assert.java:743)
at org.junit.Assert.assertEquals(Assert.java:118)
at org.junit.Assert.assertEquals(Assert.java:144)
at org.example.LoginAPIAutomaTest.cnCreation(LoginAPIAutomaTest.java:93)
at java.base/jdk.internal.reflect.NativeMethodAccessorImpl.invoke0(Native Method)
at java.base/jdk.internal.reflect.NativeMethodAccessorImpl.invoke(NativeMethodAccessorImpl.java:77)
at java.base/jdk.internal.reflect.DelegatingMethodAccessorImpl.invoke(DelegatingMethodAccessorImpl.java:43)
at java.base/java.lang.reflect.Method.invoke(Method.java:568)
at org.testng.internal.MethodInvocationHelper.invokeMethod(MethodInvocationHelper.java:133)
at org.testng.internal.TestInvoker.invokeMethod(TestInvoker.java:584)
at org.testng.internal.TestInvoker.invokeTestMethod(TestInvoker.java:172)
at org.testng.internal.MethodRunner.runInSequence(MethodRunner.java:46)
at org.testng.internal.TestInvoker$MethodInvocationAgent.invoke(TestInvoker.java:804)
at org.testng.internal.TestInvoker.invokeTestMethods(TestInvoker.java:145)
at org.testng.internal.TestMethodWorker.invokeTestMethods(TestMethodWorker.java:146)
at org.testng.internal.TestMethodWorker.run(TestMethodWorker.java:128)
at java.base/java.util.ArrayList.forEach(ArrayList.java:1511)
at org.testng.TestRunner.privateRun(TestRunner.java:770)
at org.testng.TestRunner.run(TestRunner.java:591)
at org.testng.SuiteRunner.runTest(SuiteRunner.java:402)
at org.testng.SuiteRunner.runSequentially(SuiteRunner.java:396)
at org.testng.SuiteRunner.privateRun(SuiteRunner.java:355)
at org.testng.SuiteRunner.run(SuiteRunner.java:304)
at org.testng.SuiteRunnerWorker.runSuite(SuiteRunnerWorker.java:53)
at org.testng.SuiteRunnerWorker.run(SuiteRunnerWorker.java:96)
at org.testng.TestNG.runSuitesSequentially(TestNG.java:1180)
at org.testng.TestNG.runSuitesLocally(TestNG.java:1102)
at org.testng.TestNG.runSuites(TestNG.java:1032)
at org.testng.TestNG.run(TestNG.java:1000)
at com.intellij.rt.testng.IDEARemoteTestNG.run(IDEARemoteTestNG.java:66)
at com.intellij.rt.testng.RemoteTestNGStarter.main(RemoteTestNGStarter.java:109)
]]>
            </full-stacktrace>
          </exception> <!-- java.lang.AssertionError -->
          <reporter-output>
          </reporter-output>
        </test-method> <!-- cnCreation -->
        <test-method is-config="true" signature="tearDown(org.testng.ITestResult)[pri:0, instance:org.example.LoginAPIAutomaTest@17776a8]" started-at="2022-03-09T15:06:45 IST" name="tearDown" finished-at="2022-03-09T15:06:45 IST" duration-ms="7" status="PASS">
          <params>
            <param index="0">
              <value>
                <![CDATA[[TestResult name=cnCreation status=FAILURE method=LoginAPIAutomaTest.cnCreation()[pri:0, instance:org.example.LoginAPIAutomaTest@17776a8] output={null}]]]>
              </value>
            </param>
          </params>
          <reporter-output>
          </reporter-output>
        </test-method> <!-- tearDown -->
        <test-method is-config="true" signature="endReport()[pri:0, instance:org.example.LoginAPIAutomaTest@17776a8]" started-at="2022-03-09T15:06:45 IST" name="endReport" finished-at="2022-03-09T15:06:45 IST" duration-ms="208" status="PASS">
          <reporter-output>
          </reporter-output>
        </test-method> <!-- endReport -->
      </class> <!-- org.example.LoginAPIAutomaTest -->
    </test> <!-- mavenProject2 -->
  </suite> <!-- Default Suite -->
</testng-results>
